<?xml version="1.0" encoding="UTF-8"?>
<testng-results ignored="0" total="1" passed="1" failed="0" skipped="0">
  <reporter-output>
  </reporter-output>
  <suite started-at="2023-11-26T19:05:46 EET" name="Default suite" finished-at="2023-11-26T19:05:54 EET" duration-ms="8009">
    <groups>
    </groups>
    <test started-at="2023-11-26T19:05:46 EET" name="Default test" finished-at="2023-11-26T19:05:54 EET" duration-ms="8009">
      <class name="firstNewAutomation.mytestcases">
        <test-method is-config="true" signature="setUp()[pri:0, instance:firstNewAutomation.mytestcases@560513ce]" started-at="2023-11-26T19:05:46 EET" name="setUp" finished-at="2023-11-26T19:05:54 EET" duration-ms="7732" status="PASS">
          <reporter-output>
          </reporter-output>
        </test-method> <!-- setUp -->
        <test-method signature="myFirstTest()[pri:0, instance:firstNewAutomation.mytestcases@560513ce]" started-at="2023-11-26T19:05:54 EET" name="myFirstTest" finished-at="2023-11-26T19:05:54 EET" duration-ms="240" status="PASS">
          <reporter-output>
          </reporter-output>
        </test-method> <!-- myFirstTest -->
        <test-method is-config="true" signature="postTestin()[pri:0, instance:firstNewAutomation.mytestcases@560513ce]" started-at="2023-11-26T19:05:54 EET" name="postTestin" finished-at="2023-11-26T19:05:54 EET" duration-ms="1" status="PASS">
          <reporter-output>
          </reporter-output>
        </test-method> <!-- postTestin -->
      </class> <!-- firstNewAutomation.mytestcases -->
    </test> <!-- Default test -->
  </suite> <!-- Default suite -->
</testng-results>
